2024-04-13 23:44:51,239 - sensor_log - ERROR - DHT sensor not found, check wiring
2024-04-13 23:44:53,333 - sensor_log - ERROR - DHT sensor not found, check wiring
2024-04-13 23:44:55,559 - sensor_log - ERROR - DHT sensor not found, check wiring
2024-04-13 23:44:57,560 - sensor_log - ERROR - DHT sensor not found, check wiring
2024-04-13 23:44:59,678 - sensor_log - ERROR - DHT sensor not found, check wiring
2024-04-13 23:45:01,680 - sensor_log - ERROR - DHT sensor not found, check wiring
2024-04-13 23:45:03,953 - sensor_log - ERROR - DHT sensor not found, check wiring
2024-04-13 23:45:05,954 - sensor_log - ERROR - DHT sensor not found, check wiring
2024-04-13 23:45:07,953 - sensor_log - ERROR - DHT sensor not found, check wiring
2024-04-13 23:45:09,955 - sensor_log - ERROR - DHT sensor not found, check wiring
2024-04-13 23:45:11,955 - sensor_log - ERROR - DHT sensor not found, check wiring
2024-04-13 23:45:14,277 - sensor_log - ERROR - DHT sensor not found, check wiring
2024-04-13 23:45:16,681 - sensor_log - ERROR - DHT sensor not found, check wiring
2024-04-13 23:45:18,696 - sensor_log - ERROR - DHT sensor not found, check wiring
2024-04-13 23:45:20,720 - sensor_log - ERROR - DHT sensor not found, check wiring
2024-04-13 23:45:22,853 - sensor_log - ERROR - DHT sensor not found, check wiring
2024-04-13 23:45:24,917 - sensor_log - ERROR - DHT sensor not found, check wiring
2024-04-13 23:45:26,916 - sensor_log - ERROR - DHT sensor not found, check wiring
2024-04-13 23:45:28,916 - sensor_log - ERROR - DHT sensor not found, check wiring
2024-04-13 23:45:30,919 - sensor_log - ERROR - DHT sensor not found, check wiring
2024-04-13 23:45:32,918 - sensor_log - ERROR - DHT sensor not found, check wiring
2024-04-13 23:45:34,917 - sensor_log - ERROR - DHT sensor not found, check wiring
2024-04-13 23:45:36,917 - sensor_log - ERROR - DHT sensor not found, check wiring
2024-04-13 23:45:38,978 - sensor_log - ERROR - DHT sensor not found, check wiring
2024-04-13 23:45:40,979 - sensor_log - ERROR - DHT sensor not found, check wiring
2024-04-13 23:45:42,978 - sensor_log - ERROR - DHT sensor not found, check wiring
2024-04-13 23:45:44,978 - sensor_log - ERROR - DHT sensor not found, check wiring
2024-04-13 23:45:46,978 - sensor_log - ERROR - DHT sensor not found, check wiring
2024-04-13 23:45:48,979 - sensor_log - ERROR - DHT sensor not found, check wiring
2024-04-13 23:45:50,983 - sensor_log - ERROR - DHT sensor not found, check wiring
2024-04-13 23:45:52,980 - sensor_log - ERROR - DHT sensor not found, check wiring
2024-04-13 23:45:54,990 - sensor_log - ERROR - DHT sensor not found, check wiring
2024-04-13 23:45:56,981 - sensor_log - ERROR - DHT sensor not found, check wiring
2024-04-13 23:45:59,058 - sensor_log - ERROR - DHT sensor not found, check wiring
2024-04-13 23:46:01,160 - sensor_log - ERROR - DHT sensor not found, check wiring
2024-04-13 23:46:03,153 - sensor_log - ERROR - DHT sensor not found, check wiring
2024-04-13 23:46:05,153 - sensor_log - ERROR - DHT sensor not found, check wiring
2024-04-13 23:46:07,159 - sensor_log - ERROR - DHT sensor not found, check wiring
2024-04-13 23:46:09,275 - sensor_log - ERROR - DHT sensor not found, check wiring
2024-04-13 23:46:11,275 - sensor_log - ERROR - DHT sensor not found, check wiring
2024-04-13 23:46:13,277 - sensor_log - ERROR - DHT sensor not found, check wiring
2024-04-13 23:46:15,279 - sensor_log - ERROR - DHT sensor not found, check wiring
2024-04-13 23:46:17,470 - sensor_log - ERROR - DHT sensor not found, check wiring
2024-04-13 23:46:19,471 - sensor_log - ERROR - DHT sensor not found, check wiring
2024-04-13 23:46:21,471 - sensor_log - ERROR - DHT sensor not found, check wiring
2024-04-13 23:46:23,677 - sensor_log - ERROR - DHT sensor not found, check wiring
2024-04-13 23:46:25,787 - sensor_log - ERROR - DHT sensor not found, check wiring
2024-04-13 23:46:27,789 - sensor_log - ERROR - DHT sensor not found, check wiring
2024-04-13 23:46:30,021 - sensor_log - ERROR - DHT sensor not found, check wiring
2024-04-13 23:46:32,702 - sensor_log - ERROR - DHT sensor not found, check wiring
2024-04-13 23:46:34,889 - sensor_log - ERROR - DHT sensor not found, check wiring
2024-04-13 23:46:39,455 - sensor_log - ERROR - A full buffer was not returned. Try again.
2024-04-13 23:46:41,472 - sensor_log - ERROR - A full buffer was not returned. Try again.
2024-04-14 00:06:28,762 - sensor_log - ERROR - DHT sensor not found, check wiring
2024-04-14 00:06:30,976 - sensor_log - ERROR - DHT sensor not found, check wiring
2024-04-14 00:06:32,988 - sensor_log - ERROR - DHT sensor not found, check wiring
2024-04-14 00:06:34,989 - sensor_log - ERROR - DHT sensor not found, check wiring
2024-04-14 00:06:40,709 - sensor_log - ERROR - DHT sensor not found, check wiring
2024-04-14 00:06:40,710 - sensor_log - CRITICAL - unsupported format string passed to NoneType.__format__
2024-04-14 00:11:17,549 - sensor_log - CRITICAL - read_retry() missing 1 required positional argument: 'pin'
2024-04-14 01:49:40,631 - sensor_log - INFO - Connected to MQTT broker
2024-04-14 01:53:11,705 - sensor_log - INFO - Connected to MQTT broker
2024-04-14 02:14:06,089 - sensor_log - INFO - Connected to MQTT broker
2024-04-14 02:14:23,421 - sensor_log - INFO - Connected to MQTT broker
2024-04-14 02:18:46,638 - sensor_log - INFO - Connected to MQTT broker
2024-04-14 02:21:14,771 - sensor_log - INFO - Connected to MQTT broker
2024-04-14 02:26:35,787 - sensor_log - INFO - Connected to MQTT broker
2024-04-14 02:35:11,798 - sensor_log - INFO - Connected to MQTT broker
2024-04-14 02:37:31,544 - sensor_log - INFO - Connected to MQTT broker
2024-04-14 02:38:15,286 - sensor_log - INFO - Connected to MQTT broker
2024-04-14 02:40:42,967 - sensor_log - INFO - Connected to MQTT broker
2024-04-14 03:10:34,409 - sensor_log - INFO - Connected to MQTT broker
